This file contains any messages produced by compilers while
running configure, to aid debugging if configure makes a mistake.

It was created by dawn configure 1.0, which was
generated by GNU Autoconf 2.69.  Invocation command line was

  $ ./configure 

## --------- ##
## Platform. ##
## --------- ##

hostname = jianjundengs-MacBook-Pro.local
uname -m = x86_64
uname -r = 13.0.0
uname -s = Darwin
uname -v = Darwin Kernel Version 13.0.0: Thu Sep 19 22:22:27 PDT 2013; root:xnu-2422.1.72~6/RELEASE_X86_64

/usr/bin/uname -p = i386
/bin/uname -X     = unknown

/bin/arch              = unknown
/usr/bin/arch -k       = unknown
/usr/convex/getsysinfo = unknown
/usr/bin/hostinfo      = Mach kernel version:
	 Darwin Kernel Version 13.0.0: Thu Sep 19 22:22:27 PDT 2013; root:xnu-2422.1.72~6/RELEASE_X86_64
Kernel configured for up to 8 processors.
4 processors are physically available.
8 processors are logically available.
Processor type: i486 (Intel 80486)
Processors active: 0 1 2 3 4 5 6 7
Primary memory available: 8.00 gigabytes
Default processor set: 145 tasks, 659 threads, 8 processors
Load average: 1.05, Mach factor: 6.94
/bin/machine           = unknown
/usr/bin/oslevel       = unknown
/bin/universe          = unknown

PATH: /opt/local/sbin
PATH: /opt/local/bin
PATH: /usr/bin
PATH: /bin
PATH: /usr/sbin
PATH: /sbin
PATH: /usr/local/bin
PATH: /usr/local/mysql/bin


## ----------- ##
## Core tests. ##
## ----------- ##

configure:2268: checking for a BSD-compatible install
configure:2336: result: /usr/bin/install -c
configure:2347: checking whether build environment is sane
configure:2402: result: yes
configure:2553: checking for a thread-safe mkdir -p
configure:2592: result: ./install-sh -c -d
configure:2599: checking for gawk
configure:2629: result: no
configure:2599: checking for mawk
configure:2629: result: no
configure:2599: checking for nawk
configure:2629: result: no
configure:2599: checking for awk
configure:2615: found /usr/bin/awk
configure:2626: result: awk
configure:2637: checking whether make sets $(MAKE)
configure:2659: result: yes
configure:2688: checking whether make supports nested variables
configure:2705: result: yes
configure:2881: checking for gcc
configure:2897: found /usr/bin/gcc
configure:2908: result: gcc
configure:3137: checking for C compiler version
configure:3146: gcc --version >&5
Apple LLVM version 5.0 (clang-500.2.79) (based on LLVM 3.3svn)
Target: x86_64-apple-darwin13.0.0
Thread model: posix
Configured with: --prefix=/Applications/Xcode.app/Contents/Developer/usr --with-gxx-include-dir=/usr/include/c++/4.2.1
configure:3157: $? = 0
configure:3146: gcc -v >&5
Configured with: --prefix=/Applications/Xcode.app/Contents/Developer/usr --with-gxx-include-dir=/usr/include/c++/4.2.1
Apple LLVM version 5.0 (clang-500.2.79) (based on LLVM 3.3svn)
Target: x86_64-apple-darwin13.0.0
Thread model: posix
configure:3157: $? = 0
configure:3146: gcc -V >&5
clang: error: argument to '-V' is missing (expected 1 value)
clang: error: no input files
configure:3157: $? = 1
configure:3146: gcc -qversion >&5
clang: error: no input files
configure:3157: $? = 1
configure:3177: checking whether the C compiler works
configure:3199: gcc    conftest.c  >&5
configure:3203: $? = 0
configure:3251: result: yes
configure:3254: checking for C compiler default output file name
configure:3256: result: a.out
configure:3262: checking for suffix of executables
configure:3269: gcc -o conftest    conftest.c  >&5
configure:3273: $? = 0
configure:3295: result: 
configure:3317: checking whether we are cross compiling
configure:3325: gcc -o conftest    conftest.c  >&5
configure:3329: $? = 0
configure:3336: ./conftest
configure:3340: $? = 0
configure:3355: result: no
configure:3360: checking for suffix of object files
configure:3382: gcc -c   conftest.c >&5
configure:3386: $? = 0
configure:3407: result: o
configure:3411: checking whether we are using the GNU C compiler
configure:3430: gcc -c   conftest.c >&5
configure:3430: $? = 0
configure:3439: result: yes
configure:3448: checking whether gcc accepts -g
configure:3468: gcc -c -g  conftest.c >&5
configure:3468: $? = 0
configure:3509: result: yes
configure:3526: checking for gcc option to accept ISO C89
configure:3589: gcc  -c -g -O2  conftest.c >&5
configure:3589: $? = 0
configure:3602: result: none needed
configure:3627: checking whether gcc understands -c and -o together
configure:3649: gcc -c conftest.c -o conftest2.o
configure:3652: $? = 0
configure:3649: gcc -c conftest.c -o conftest2.o
configure:3652: $? = 0
configure:3664: result: yes
configure:3692: checking for style of include used by make
configure:3720: result: GNU
configure:3746: checking dependency style of gcc
configure:3857: result: gcc3
configure:3882: checking how to run the C preprocessor
configure:3913: gcc -E  conftest.c
configure:3913: $? = 0
configure:3927: gcc -E  conftest.c
conftest.c:11:10: fatal error: 'ac_nonexistent.h' file not found
#include <ac_nonexistent.h>
         ^
1 error generated.
configure:3927: $? = 1
configure: failed program was:
| /* confdefs.h */
| #define PACKAGE_NAME "dawn"
| #define PACKAGE_TARNAME "dawn"
| #define PACKAGE_VERSION "1.0"
| #define PACKAGE_STRING "dawn 1.0"
| #define PACKAGE_BUGREPORT "BUG-REPORT-ADDRESS"
| #define PACKAGE_URL ""
| #define PACKAGE "dawn"
| #define VERSION "1.0"
| /* end confdefs.h.  */
| #include <ac_nonexistent.h>
configure:3952: result: gcc -E
configure:3972: gcc -E  conftest.c
configure:3972: $? = 0
configure:3986: gcc -E  conftest.c
conftest.c:11:10: fatal error: 'ac_nonexistent.h' file not found
#include <ac_nonexistent.h>
         ^
1 error generated.
configure:3986: $? = 1
configure: failed program was:
| /* confdefs.h */
| #define PACKAGE_NAME "dawn"
| #define PACKAGE_TARNAME "dawn"
| #define PACKAGE_VERSION "1.0"
| #define PACKAGE_STRING "dawn 1.0"
| #define PACKAGE_BUGREPORT "BUG-REPORT-ADDRESS"
| #define PACKAGE_URL ""
| #define PACKAGE "dawn"
| #define VERSION "1.0"
| /* end confdefs.h.  */
| #include <ac_nonexistent.h>
configure:4015: checking for grep that handles long lines and -e
configure:4073: result: /usr/bin/grep
configure:4078: checking for egrep
configure:4140: result: /usr/bin/grep -E
configure:4145: checking for ANSI C header files
configure:4165: gcc -c -g -O2  conftest.c >&5
configure:4165: $? = 0
configure:4238: gcc -o conftest -g -O2   conftest.c  >&5
configure:4238: $? = 0
configure:4238: ./conftest
configure:4238: $? = 0
configure:4249: result: yes
configure:4262: checking for sys/types.h
configure:4262: gcc -c -g -O2  conftest.c >&5
configure:4262: $? = 0
configure:4262: result: yes
configure:4262: checking for sys/stat.h
configure:4262: gcc -c -g -O2  conftest.c >&5
configure:4262: $? = 0
configure:4262: result: yes
configure:4262: checking for stdlib.h
configure:4262: gcc -c -g -O2  conftest.c >&5
configure:4262: $? = 0
configure:4262: result: yes
configure:4262: checking for string.h
configure:4262: gcc -c -g -O2  conftest.c >&5
configure:4262: $? = 0
configure:4262: result: yes
configure:4262: checking for memory.h
configure:4262: gcc -c -g -O2  conftest.c >&5
configure:4262: $? = 0
configure:4262: result: yes
configure:4262: checking for strings.h
configure:4262: gcc -c -g -O2  conftest.c >&5
configure:4262: $? = 0
configure:4262: result: yes
configure:4262: checking for inttypes.h
configure:4262: gcc -c -g -O2  conftest.c >&5
configure:4262: $? = 0
configure:4262: result: yes
configure:4262: checking for stdint.h
configure:4262: gcc -c -g -O2  conftest.c >&5
configure:4262: $? = 0
configure:4262: result: yes
configure:4262: checking for unistd.h
configure:4262: gcc -c -g -O2  conftest.c >&5
configure:4262: $? = 0
configure:4262: result: yes
configure:4277: checking arpa/inet.h usability
configure:4277: gcc -c -g -O2  conftest.c >&5
configure:4277: $? = 0
configure:4277: result: yes
configure:4277: checking arpa/inet.h presence
configure:4277: gcc -E  conftest.c
configure:4277: $? = 0
configure:4277: result: yes
configure:4277: checking for arpa/inet.h
configure:4277: result: yes
configure:4277: checking netinet/in.h usability
configure:4277: gcc -c -g -O2  conftest.c >&5
configure:4277: $? = 0
configure:4277: result: yes
configure:4277: checking netinet/in.h presence
configure:4277: gcc -E  conftest.c
configure:4277: $? = 0
configure:4277: result: yes
configure:4277: checking for netinet/in.h
configure:4277: result: yes
configure:4277: checking for stdlib.h
configure:4277: result: yes
configure:4277: checking for string.h
configure:4277: result: yes
configure:4277: checking sys/socket.h usability
configure:4277: gcc -c -g -O2  conftest.c >&5
configure:4277: $? = 0
configure:4277: result: yes
configure:4277: checking sys/socket.h presence
configure:4277: gcc -E  conftest.c
configure:4277: $? = 0
configure:4277: result: yes
configure:4277: checking for sys/socket.h
configure:4277: result: yes
configure:4277: checking sys/time.h usability
configure:4277: gcc -c -g -O2  conftest.c >&5
configure:4277: $? = 0
configure:4277: result: yes
configure:4277: checking sys/time.h presence
configure:4277: gcc -E  conftest.c
configure:4277: $? = 0
configure:4277: result: yes
configure:4277: checking for sys/time.h
configure:4277: result: yes
configure:4277: checking for unistd.h
configure:4277: result: yes
configure:4289: checking for int16_t
configure:4289: gcc -c -g -O2  conftest.c >&5
configure:4289: $? = 0
configure:4289: gcc -c -g -O2  conftest.c >&5
conftest.c:65:24: error: 'test_array' declared as an array with a negative size
static int test_array [1 - 2 * !((int16_t) (((((int16_t) 1 << N) << N) - 1) * 2 + 1)
                       ^~~~~~~~~~~~~~~~~~~~~~~~~~~~~~~~~~~~~~~~~~~~~~~~~~~~~~~~~~~~~
1 error generated.
configure:4289: $? = 1
configure: failed program was:
| /* confdefs.h */
| #define PACKAGE_NAME "dawn"
| #define PACKAGE_TARNAME "dawn"
| #define PACKAGE_VERSION "1.0"
| #define PACKAGE_STRING "dawn 1.0"
| #define PACKAGE_BUGREPORT "BUG-REPORT-ADDRESS"
| #define PACKAGE_URL ""
| #define PACKAGE "dawn"
| #define VERSION "1.0"
| #define STDC_HEADERS 1
| #define HAVE_SYS_TYPES_H 1
| #define HAVE_SYS_STAT_H 1
| #define HAVE_STDLIB_H 1
| #define HAVE_STRING_H 1
| #define HAVE_MEMORY_H 1
| #define HAVE_STRINGS_H 1
| #define HAVE_INTTYPES_H 1
| #define HAVE_STDINT_H 1
| #define HAVE_UNISTD_H 1
| #define HAVE_ARPA_INET_H 1
| #define HAVE_NETINET_IN_H 1
| #define HAVE_STDLIB_H 1
| #define HAVE_STRING_H 1
| #define HAVE_SYS_SOCKET_H 1
| #define HAVE_SYS_TIME_H 1
| #define HAVE_UNISTD_H 1
| /* end confdefs.h.  */
| #include <stdio.h>
| #ifdef HAVE_SYS_TYPES_H
| # include <sys/types.h>
| #endif
| #ifdef HAVE_SYS_STAT_H
| # include <sys/stat.h>
| #endif
| #ifdef STDC_HEADERS
| # include <stdlib.h>
| # include <stddef.h>
| #else
| # ifdef HAVE_STDLIB_H
| #  include <stdlib.h>
| # endif
| #endif
| #ifdef HAVE_STRING_H
| # if !defined STDC_HEADERS && defined HAVE_MEMORY_H
| #  include <memory.h>
| # endif
| # include <string.h>
| #endif
| #ifdef HAVE_STRINGS_H
| # include <strings.h>
| #endif
| #ifdef HAVE_INTTYPES_H
| # include <inttypes.h>
| #endif
| #ifdef HAVE_STDINT_H
| # include <stdint.h>
| #endif
| #ifdef HAVE_UNISTD_H
| # include <unistd.h>
| #endif
| 	        enum { N = 16 / 2 - 1 };
| int
| main ()
| {
| static int test_array [1 - 2 * !((int16_t) (((((int16_t) 1 << N) << N) - 1) * 2 + 1)
| 		 < (int16_t) (((((int16_t) 1 << N) << N) - 1) * 2 + 2))];
| test_array [0] = 0;
| return test_array [0];
| 
|   ;
|   return 0;
| }
configure:4289: result: yes
configure:4304: checking for stdlib.h
configure:4304: result: yes
configure:4314: checking for GNU libc compatible malloc
configure:4338: gcc -o conftest -g -O2   conftest.c  >&5
configure:4338: $? = 0
configure:4338: ./conftest
configure:4338: $? = 0
configure:4348: result: yes
configure:4372: checking for bzero
configure:4372: gcc -o conftest -g -O2   conftest.c  >&5
conftest.c:53:6: warning: incompatible redeclaration of library function 'bzero' [-Wincompatible-library-redeclaration]
char bzero ();
     ^
conftest.c:53:6: note: 'bzero' is a builtin with type 'void (void *, unsigned long)'
1 warning generated.
configure:4372: $? = 0
configure:4372: result: yes
configure:4372: checking for socket
configure:4372: gcc -o conftest -g -O2   conftest.c  >&5
configure:4372: $? = 0
configure:4372: result: yes
configure:4491: checking that generated files are newer than configure
configure:4497: result: done
configure:4520: creating ./config.status

## ---------------------- ##
## Running config.status. ##
## ---------------------- ##

This file was extended by dawn config.status 1.0, which was
generated by GNU Autoconf 2.69.  Invocation command line was

  CONFIG_FILES    = 
  CONFIG_HEADERS  = 
  CONFIG_LINKS    = 
  CONFIG_COMMANDS = 
  $ ./config.status 

on jianjundengs-MacBook-Pro.local

config.status:863: creating Makefile
config.status:863: creating config.h
config.status:1044: config.h is unchanged
config.status:1092: executing depfiles commands

## ---------------- ##
## Cache variables. ##
## ---------------- ##

ac_cv_c_compiler_gnu=yes
ac_cv_c_int16_t=yes
ac_cv_env_CC_set=
ac_cv_env_CC_value=
ac_cv_env_CFLAGS_set=
ac_cv_env_CFLAGS_value=
ac_cv_env_CPPFLAGS_set=
ac_cv_env_CPPFLAGS_value=
ac_cv_env_CPP_set=
ac_cv_env_CPP_value=
ac_cv_env_LDFLAGS_set=
ac_cv_env_LDFLAGS_value=
ac_cv_env_LIBS_set=
ac_cv_env_LIBS_value=
ac_cv_env_build_alias_set=
ac_cv_env_build_alias_value=
ac_cv_env_host_alias_set=
ac_cv_env_host_alias_value=
ac_cv_env_target_alias_set=
ac_cv_env_target_alias_value=
ac_cv_func_bzero=yes
ac_cv_func_malloc_0_nonnull=yes
ac_cv_func_socket=yes
ac_cv_header_arpa_inet_h=yes
ac_cv_header_inttypes_h=yes
ac_cv_header_memory_h=yes
ac_cv_header_netinet_in_h=yes
ac_cv_header_stdc=yes
ac_cv_header_stdint_h=yes
ac_cv_header_stdlib_h=yes
ac_cv_header_string_h=yes
ac_cv_header_strings_h=yes
ac_cv_header_sys_socket_h=yes
ac_cv_header_sys_stat_h=yes
ac_cv_header_sys_time_h=yes
ac_cv_header_sys_types_h=yes
ac_cv_header_unistd_h=yes
ac_cv_objext=o
ac_cv_path_EGREP='/usr/bin/grep -E'
ac_cv_path_GREP=/usr/bin/grep
ac_cv_path_install='/usr/bin/install -c'
ac_cv_prog_AWK=awk
ac_cv_prog_CPP='gcc -E'
ac_cv_prog_ac_ct_CC=gcc
ac_cv_prog_cc_c89=
ac_cv_prog_cc_g=yes
ac_cv_prog_make_make_set=yes
am_cv_CC_dependencies_compiler_type=gcc3
am_cv_make_support_nested_variables=yes
am_cv_prog_cc_c_o=yes

## ----------------- ##
## Output variables. ##
## ----------------- ##

ACLOCAL='${SHELL} /Users/jianjundeng/dawn/missing aclocal-1.14'
AMDEPBACKSLASH='\'
AMDEP_FALSE='#'
AMDEP_TRUE=''
AMTAR='$${TAR-tar}'
AM_BACKSLASH='\'
AM_DEFAULT_V='$(AM_DEFAULT_VERBOSITY)'
AM_DEFAULT_VERBOSITY='1'
AM_V='$(V)'
AUTOCONF='${SHELL} /Users/jianjundeng/dawn/missing autoconf'
AUTOHEADER='${SHELL} /Users/jianjundeng/dawn/missing autoheader'
AUTOMAKE='${SHELL} /Users/jianjundeng/dawn/missing automake-1.14'
AWK='awk'
CC='gcc'
CCDEPMODE='depmode=gcc3'
CFLAGS='-g -O2'
CPP='gcc -E'
CPPFLAGS=''
CYGPATH_W='echo'
DEFS='-DHAVE_CONFIG_H'
DEPDIR='.deps'
ECHO_C='\c'
ECHO_N=''
ECHO_T=''
EGREP='/usr/bin/grep -E'
EXEEXT=''
GREP='/usr/bin/grep'
INSTALL_DATA='${INSTALL} -m 644'
INSTALL_PROGRAM='${INSTALL}'
INSTALL_SCRIPT='${INSTALL}'
INSTALL_STRIP_PROGRAM='$(install_sh) -c -s'
LDFLAGS=''
LIBOBJS=''
LIBS=''
LTLIBOBJS=''
MAKEINFO='${SHELL} /Users/jianjundeng/dawn/missing makeinfo'
MKDIR_P='./install-sh -c -d'
OBJEXT='o'
PACKAGE='dawn'
PACKAGE_BUGREPORT='BUG-REPORT-ADDRESS'
PACKAGE_NAME='dawn'
PACKAGE_STRING='dawn 1.0'
PACKAGE_TARNAME='dawn'
PACKAGE_URL=''
PACKAGE_VERSION='1.0'
PATH_SEPARATOR=':'
SET_MAKE=''
SHELL='/bin/sh'
STRIP=''
VERSION='1.0'
ac_ct_CC='gcc'
am__EXEEXT_FALSE=''
am__EXEEXT_TRUE='#'
am__fastdepCC_FALSE='#'
am__fastdepCC_TRUE=''
am__include='include'
am__isrc=''
am__leading_dot='.'
am__nodep='_no'
am__quote=''
am__tar='$${TAR-tar} chof - "$$tardir"'
am__untar='$${TAR-tar} xf -'
bindir='${exec_prefix}/bin'
build_alias=''
datadir='${datarootdir}'
datarootdir='${prefix}/share'
docdir='${datarootdir}/doc/${PACKAGE_TARNAME}'
dvidir='${docdir}'
exec_prefix='${prefix}'
host_alias=''
htmldir='${docdir}'
includedir='${prefix}/include'
infodir='${datarootdir}/info'
install_sh='${SHELL} /Users/jianjundeng/dawn/install-sh'
libdir='${exec_prefix}/lib'
libexecdir='${exec_prefix}/libexec'
localedir='${datarootdir}/locale'
localstatedir='${prefix}/var'
mandir='${datarootdir}/man'
mkdir_p='$(MKDIR_P)'
oldincludedir='/usr/include'
pdfdir='${docdir}'
prefix='/usr/local'
program_transform_name='s,x,x,'
psdir='${docdir}'
sbindir='${exec_prefix}/sbin'
sharedstatedir='${prefix}/com'
sysconfdir='${prefix}/etc'
target_alias=''

## ----------- ##
## confdefs.h. ##
## ----------- ##

/* confdefs.h */
#define PACKAGE_NAME "dawn"
#define PACKAGE_TARNAME "dawn"
#define PACKAGE_VERSION "1.0"
#define PACKAGE_STRING "dawn 1.0"
#define PACKAGE_BUGREPORT "BUG-REPORT-ADDRESS"
#define PACKAGE_URL ""
#define PACKAGE "dawn"
#define VERSION "1.0"
#define STDC_HEADERS 1
#define HAVE_SYS_TYPES_H 1
#define HAVE_SYS_STAT_H 1
#define HAVE_STDLIB_H 1
#define HAVE_STRING_H 1
#define HAVE_MEMORY_H 1
#define HAVE_STRINGS_H 1
#define HAVE_INTTYPES_H 1
#define HAVE_STDINT_H 1
#define HAVE_UNISTD_H 1
#define HAVE_ARPA_INET_H 1
#define HAVE_NETINET_IN_H 1
#define HAVE_STDLIB_H 1
#define HAVE_STRING_H 1
#define HAVE_SYS_SOCKET_H 1
#define HAVE_SYS_TIME_H 1
#define HAVE_UNISTD_H 1
#define HAVE_STDLIB_H 1
#define HAVE_MALLOC 1
#define HAVE_BZERO 1
#define HAVE_SOCKET 1

configure: exit 0

## ---------------------- ##
## Running config.status. ##
## ---------------------- ##

This file was extended by dawn config.status 1.0, which was
generated by GNU Autoconf 2.69.  Invocation command line was

  CONFIG_FILES    = 
  CONFIG_HEADERS  = 
  CONFIG_LINKS    = 
  CONFIG_COMMANDS = 
  $ ./config.status Makefile depfiles

on jianjundengs-MacBook-Pro.local

config.status:863: creating Makefile
config.status:1092: executing depfiles commands
